<?xml version="1.0" encoding="UTF-8"?>
<testng-results skipped="0" failed="0" ignored="0" total="1" passed="1">
  <reporter-output>
  </reporter-output>
  <suite name="Suite" duration-ms="27353" started-at="2020-02-24T05:50:12Z" finished-at="2020-02-24T05:50:39Z">
    <groups>
    </groups>
    <test name="Test" duration-ms="27353" started-at="2020-02-24T05:50:12Z" finished-at="2020-02-24T05:50:39Z">
      <class name="Selenium_Practice.Sample1">
        <test-method status="PASS" signature="testSampl()[pri:0, instance:Selenium_Practice.Sample1@cc285f4]" name="testSampl" duration-ms="27298" started-at="2020-02-24T11:20:12Z" finished-at="2020-02-24T11:20:39Z">
          <reporter-output>
          </reporter-output>
        </test-method> <!-- testSampl -->
      </class> <!-- Selenium_Practice.Sample1 -->
    </test> <!-- Test -->
  </suite> <!-- Suite -->
</testng-results>
